Build started 08-07-2016 04:49:18 PM.
     1>Project "F:\Mission RnD Summer\Sockets and client server\MazeSolver\MazeClient\MazeClient\MazeClient.vcxproj" on node 2 (Build target(s)).
     1>ClCompile:
         C:\Program Files (x86)\Microsoft Visual Studio 12.0\VC\bin\CL.exe /c /ZI /nologo /W3 /WX- /Od /Oy- /D WIN32 /D _DEBUG /D _CONSOLE /D _LIB /D _UNICODE /D UNICODE /Gm /EHsc /RTC1 /MDd /GS /fp:precise /Zc:wchar_t /Zc:forScope /Yc"stdafx.h" /Fp"Debug\MazeClient.pch" /Fo"Debug\\" /Fd"Debug\vc120.pdb" /Gd /TP /analyze- /errorReport:prompt stdafx.cpp
         stdafx.cpp
         C:\Program Files (x86)\Microsoft Visual Studio 12.0\VC\bin\CL.exe /c /ZI /nologo /W3 /WX- /Od /Oy- /D WIN32 /D _DEBUG /D _CONSOLE /D _LIB /D _UNICODE /D UNICODE /Gm /EHsc /RTC1 /MDd /GS /fp:precise /Zc:wchar_t /Zc:forScope /Yu"stdafx.h" /Fp"Debug\MazeClient.pch" /Fo"Debug\\" /Fd"Debug\vc120.pdb" /Gd /TP /analyze- /errorReport:prompt MazeClient.cpp WinClient.cpp
         WinClient.cpp
     1>f:\mission rnd summer\sockets and client server\mazesolver\mazeclient\mazeclient\winclient.cpp(1): warning C4627: '#include <winsock2.h>': skipped when looking for precompiled header use
                 Add directive to 'stdafx.h' or rebuild precompiled header
     1>f:\mission rnd summer\sockets and client server\mazesolver\mazeclient\mazeclient\winclient.cpp(77): warning C4996: 'fopen': This function or variable may be unsafe. Consider using fopen_s instead. To disable deprecation, use _CRT_SECURE_NO_WARNINGS. See online help for details.
                 c:\program files (x86)\microsoft visual studio 12.0\vc\include\stdio.h(211) : see declaration of 'fopen'
     1>f:\mission rnd summer\sockets and client server\mazesolver\mazeclient\mazeclient\winclient.cpp(75): warning C4101: 'c' : unreferenced local variable
         MazeClient.cpp
         Generating Code...
       Link:
         C:\Program Files (x86)\Microsoft Visual Studio 12.0\VC\bin\link.exe /ERRORREPORT:PROMPT /OUT:"F:\Mission RnD Summer\Sockets and client server\MazeSolver\MazeClient\Debug\MazeClient.exe" /INCREMENTAL /NOLOGO ws2_32.lib kernel32.lib user32.lib gdi32.lib winspool.lib comdlg32.lib advapi32.lib shell32.lib ole32.lib oleaut32.lib uuid.lib odbc32.lib odbccp32.lib /MANIFEST /MANIFESTUAC:"level='asInvoker' uiAccess='false'" /manifest:embed /DEBUG /PDB:"F:\Mission RnD Summer\Sockets and client server\MazeSolver\MazeClient\Debug\MazeClient.pdb" /SUBSYSTEM:CONSOLE /TLBID:1 /DYNAMICBASE /NXCOMPAT /IMPLIB:"F:\Mission RnD Summer\Sockets and client server\MazeSolver\MazeClient\Debug\MazeClient.lib" /MACHINE:X86 Debug\MazeClient.obj
         Debug\stdafx.obj
         Debug\WinClient.obj
         MazeClient.vcxproj -> F:\Mission RnD Summer\Sockets and client server\MazeSolver\MazeClient\Debug\MazeClient.exe
     1>Done Building Project "F:\Mission RnD Summer\Sockets and client server\MazeSolver\MazeClient\MazeClient\MazeClient.vcxproj" (Build target(s)).

Build succeeded.

Time Elapsed 00:00:07.22
