Build started 08-07-2016 04:49:47 PM.
     1>Project "F:\Mission RnD Summer\Sockets and client server\MazeSolver\MazeServer\MazeServer\MazeServer.vcxproj" on node 2 (Build target(s)).
     1>ClCompile:
         C:\Program Files (x86)\Microsoft Visual Studio 12.0\VC\bin\CL.exe /c /ZI /nologo /W3 /WX- /Od /Oy- /D WIN32 /D _DEBUG /D _CONSOLE /D _LIB /D _UNICODE /D UNICODE /Gm /EHsc /RTC1 /MDd /GS /fp:precise /Zc:wchar_t /Zc:forScope /Yu"stdafx.h" /Fp"Debug\MazeServer.pch" /Fo"Debug\\" /Fd"Debug\vc120.pdb" /Gd /TP /analyze- /errorReport:prompt WinServer.cpp
         WinServer.cpp
     1>f:\mission rnd summer\sockets and client server\mazesolver\mazeserver\mazeserver\winserver.cpp(166): warning C4996: 'itoa': The POSIX name for this item is deprecated. Instead, use the ISO C++ conformant name: _itoa. See online help for details.
                 c:\program files (x86)\microsoft visual studio 12.0\vc\include\stdlib.h(937) : see declaration of 'itoa'
     1>f:\mission rnd summer\sockets and client server\mazesolver\mazeserver\mazeserver\winserver.cpp(167): warning C4996: 'strcat': This function or variable may be unsafe. Consider using strcat_s instead. To disable deprecation, use _CRT_SECURE_NO_WARNINGS. See online help for details.
                 c:\program files (x86)\microsoft visual studio 12.0\vc\include\string.h(118) : see declaration of 'strcat'
     1>f:\mission rnd summer\sockets and client server\mazesolver\mazeserver\mazeserver\winserver.cpp(168): warning C4996: 'itoa': The POSIX name for this item is deprecated. Instead, use the ISO C++ conformant name: _itoa. See online help for details.
                 c:\program files (x86)\microsoft visual studio 12.0\vc\include\stdlib.h(937) : see declaration of 'itoa'
     1>f:\mission rnd summer\sockets and client server\mazesolver\mazeserver\mazeserver\winserver.cpp(169): warning C4996: 'strcat': This function or variable may be unsafe. Consider using strcat_s instead. To disable deprecation, use _CRT_SECURE_NO_WARNINGS. See online help for details.
                 c:\program files (x86)\microsoft visual studio 12.0\vc\include\string.h(118) : see declaration of 'strcat'
     1>f:\mission rnd summer\sockets and client server\mazesolver\mazeserver\mazeserver\winserver.cpp(180): warning C4996: 'itoa': The POSIX name for this item is deprecated. Instead, use the ISO C++ conformant name: _itoa. See online help for details.
                 c:\program files (x86)\microsoft visual studio 12.0\vc\include\stdlib.h(937) : see declaration of 'itoa'
     1>f:\mission rnd summer\sockets and client server\mazesolver\mazeserver\mazeserver\winserver.cpp(181): warning C4996: 'strcat': This function or variable may be unsafe. Consider using strcat_s instead. To disable deprecation, use _CRT_SECURE_NO_WARNINGS. See online help for details.
                 c:\program files (x86)\microsoft visual studio 12.0\vc\include\string.h(118) : see declaration of 'strcat'
     1>f:\mission rnd summer\sockets and client server\mazesolver\mazeserver\mazeserver\winserver.cpp(182): warning C4996: 'itoa': The POSIX name for this item is deprecated. Instead, use the ISO C++ conformant name: _itoa. See online help for details.
                 c:\program files (x86)\microsoft visual studio 12.0\vc\include\stdlib.h(937) : see declaration of 'itoa'
     1>f:\mission rnd summer\sockets and client server\mazesolver\mazeserver\mazeserver\winserver.cpp(183): warning C4996: 'strcat': This function or variable may be unsafe. Consider using strcat_s instead. To disable deprecation, use _CRT_SECURE_NO_WARNINGS. See online help for details.
                 c:\program files (x86)\microsoft visual studio 12.0\vc\include\string.h(118) : see declaration of 'strcat'
     1>f:\mission rnd summer\sockets and client server\mazesolver\mazeserver\mazeserver\winserver.cpp(192): warning C4996: 'itoa': The POSIX name for this item is deprecated. Instead, use the ISO C++ conformant name: _itoa. See online help for details.
                 c:\program files (x86)\microsoft visual studio 12.0\vc\include\stdlib.h(937) : see declaration of 'itoa'
     1>f:\mission rnd summer\sockets and client server\mazesolver\mazeserver\mazeserver\winserver.cpp(193): warning C4996: 'strcat': This function or variable may be unsafe. Consider using strcat_s instead. To disable deprecation, use _CRT_SECURE_NO_WARNINGS. See online help for details.
                 c:\program files (x86)\microsoft visual studio 12.0\vc\include\string.h(118) : see declaration of 'strcat'
     1>f:\mission rnd summer\sockets and client server\mazesolver\mazeserver\mazeserver\winserver.cpp(194): warning C4996: 'itoa': The POSIX name for this item is deprecated. Instead, use the ISO C++ conformant name: _itoa. See online help for details.
                 c:\program files (x86)\microsoft visual studio 12.0\vc\include\stdlib.h(937) : see declaration of 'itoa'
     1>f:\mission rnd summer\sockets and client server\mazesolver\mazeserver\mazeserver\winserver.cpp(195): warning C4996: 'strcat': This function or variable may be unsafe. Consider using strcat_s instead. To disable deprecation, use _CRT_SECURE_NO_WARNINGS. See online help for details.
                 c:\program files (x86)\microsoft visual studio 12.0\vc\include\string.h(118) : see declaration of 'strcat'
     1>f:\mission rnd summer\sockets and client server\mazesolver\mazeserver\mazeserver\winserver.cpp(204): warning C4996: 'itoa': The POSIX name for this item is deprecated. Instead, use the ISO C++ conformant name: _itoa. See online help for details.
                 c:\program files (x86)\microsoft visual studio 12.0\vc\include\stdlib.h(937) : see declaration of 'itoa'
     1>f:\mission rnd summer\sockets and client server\mazesolver\mazeserver\mazeserver\winserver.cpp(205): warning C4996: 'strcat': This function or variable may be unsafe. Consider using strcat_s instead. To disable deprecation, use _CRT_SECURE_NO_WARNINGS. See online help for details.
                 c:\program files (x86)\microsoft visual studio 12.0\vc\include\string.h(118) : see declaration of 'strcat'
     1>f:\mission rnd summer\sockets and client server\mazesolver\mazeserver\mazeserver\winserver.cpp(206): warning C4996: 'itoa': The POSIX name for this item is deprecated. Instead, use the ISO C++ conformant name: _itoa. See online help for details.
                 c:\program files (x86)\microsoft visual studio 12.0\vc\include\stdlib.h(937) : see declaration of 'itoa'
     1>f:\mission rnd summer\sockets and client server\mazesolver\mazeserver\mazeserver\winserver.cpp(207): warning C4996: 'strcat': This function or variable may be unsafe. Consider using strcat_s instead. To disable deprecation, use _CRT_SECURE_NO_WARNINGS. See online help for details.
                 c:\program files (x86)\microsoft visual studio 12.0\vc\include\string.h(118) : see declaration of 'strcat'
     1>f:\mission rnd summer\sockets and client server\mazesolver\mazeserver\mazeserver\winserver.cpp(216): warning C4996: 'itoa': The POSIX name for this item is deprecated. Instead, use the ISO C++ conformant name: _itoa. See online help for details.
                 c:\program files (x86)\microsoft visual studio 12.0\vc\include\stdlib.h(937) : see declaration of 'itoa'
     1>f:\mission rnd summer\sockets and client server\mazesolver\mazeserver\mazeserver\winserver.cpp(217): warning C4996: 'strcat': This function or variable may be unsafe. Consider using strcat_s instead. To disable deprecation, use _CRT_SECURE_NO_WARNINGS. See online help for details.
                 c:\program files (x86)\microsoft visual studio 12.0\vc\include\string.h(118) : see declaration of 'strcat'
     1>f:\mission rnd summer\sockets and client server\mazesolver\mazeserver\mazeserver\winserver.cpp(218): warning C4996: 'itoa': The POSIX name for this item is deprecated. Instead, use the ISO C++ conformant name: _itoa. See online help for details.
                 c:\program files (x86)\microsoft visual studio 12.0\vc\include\stdlib.h(937) : see declaration of 'itoa'
     1>f:\mission rnd summer\sockets and client server\mazesolver\mazeserver\mazeserver\winserver.cpp(219): warning C4996: 'strcat': This function or variable may be unsafe. Consider using strcat_s instead. To disable deprecation, use _CRT_SECURE_NO_WARNINGS. See online help for details.
                 c:\program files (x86)\microsoft visual studio 12.0\vc\include\string.h(118) : see declaration of 'strcat'
     1>f:\mission rnd summer\sockets and client server\mazesolver\mazeserver\mazeserver\winserver.cpp(121): warning C4715: 'load_buff' : not all control paths return a value
     1>f:\mission rnd summer\sockets and client server\mazesolver\mazeserver\mazeserver\winserver.cpp(223): warning C4715: 'path_exists' : not all control paths return a value
       Link:
         C:\Program Files (x86)\Microsoft Visual Studio 12.0\VC\bin\link.exe /ERRORREPORT:PROMPT /OUT:"F:\Mission RnD Summer\Sockets and client server\MazeSolver\MazeServer\Debug\MazeServer.exe" /INCREMENTAL /NOLOGO ws2_32.lib kernel32.lib user32.lib gdi32.lib winspool.lib comdlg32.lib advapi32.lib shell32.lib ole32.lib oleaut32.lib uuid.lib odbc32.lib odbccp32.lib /MANIFEST /MANIFESTUAC:"level='asInvoker' uiAccess='false'" /manifest:embed /DEBUG /PDB:"F:\Mission RnD Summer\Sockets and client server\MazeSolver\MazeServer\Debug\MazeServer.pdb" /SUBSYSTEM:CONSOLE /TLBID:1 /DYNAMICBASE /NXCOMPAT /IMPLIB:"F:\Mission RnD Summer\Sockets and client server\MazeSolver\MazeServer\Debug\MazeServer.lib" /MACHINE:X86 Debug\MazeServer.obj
         Debug\stdafx.obj
         Debug\WinServer.obj
         MazeServer.vcxproj -> F:\Mission RnD Summer\Sockets and client server\MazeSolver\MazeServer\Debug\MazeServer.exe
     1>Done Building Project "F:\Mission RnD Summer\Sockets and client server\MazeSolver\MazeServer\MazeServer\MazeServer.vcxproj" (Build target(s)).

Build succeeded.

Time Elapsed 00:00:02.50
